# JRE version: OpenJDK Runtime Environment (8.0_202) (build 1.8.0_202-release-1483-b49-5587405)
# Java VM: OpenJDK 64-Bit Server VM (25.202-b49-5587405 mixed mode linux-amd64 compressed oops)
Heap:
 PSYoungGen      total 202752K, used 42389K [0x00000000e0000000, 0x00000000edb00000, 0x0000000100000000)
  eden space 190976K, 22% used [0x00000000e0000000,0x00000000e29656c0,0x00000000eba80000)
  from space 11776K, 0% used [0x00000000ecf80000,0x00000000ecf80000,0x00000000edb00000)
  to   space 16384K, 0% used [0x00000000ebb00000,0x00000000ebb00000,0x00000000ecb00000)
 ParOldGen       total 99328K, used 18075K [0x00000000a0000000, 0x00000000a6100000, 0x00000000e0000000)
  object space 99328K, 18% used [0x00000000a0000000,0x00000000a11a6c70,0x00000000a6100000)
 Metaspace       used 40406K, capacity 41238K, committed 41560K, reserved 1085440K
  class space    used 5474K, capacity 5707K, committed 5760K, reserved 1048576K
GC Heap History (10 events):
Event: 9,446 GC heap before
{Heap before GC invocations=4 (full 0):
 PSYoungGen      total 68608K, used 55051K [0x00000000e0000000, 0x00000000e8600000, 0x0000000100000000)
  eden space 63488K, 78% used [0x00000000e0000000,0x00000000e30cae50,0x00000000e3e00000)
  from space 5120K, 99% used [0x00000000e3e00000,0x00000000e42f8050,0x00000000e4300000)
  to   space 5120K, 0% used [0x00000000e8100000,0x00000000e8100000,0x00000000e8600000)
 ParOldGen       total 84992K, used 4956K [0x00000000a0000000, 0x00000000a5300000, 0x00000000e0000000)
  object space 84992K, 5% used [0x00000000a0000000,0x00000000a04d7050,0x00000000a5300000)
 Metaspace       used 20692K, capacity 21092K, committed 21248K, reserved 1067008K
  class space    used 2905K, capacity 3032K, committed 3072K, reserved 1048576K
Event: 9,475 GC heap after
Heap after GC invocations=4 (full 0):
 PSYoungGen      total 132096K, used 5088K [0x00000000e0000000, 0x00000000e8600000, 0x0000000100000000)
  eden space 126976K, 0% used [0x00000000e0000000,0x00000000e0000000,0x00000000e7c00000)
  from space 5120K, 99% used [0x00000000e8100000,0x00000000e85f8040,0x00000000e8600000)
  to   space 5120K, 0% used [0x00000000e7c00000,0x00000000e7c00000,0x00000000e8100000)
 ParOldGen       total 84992K, used 11106K [0x00000000a0000000, 0x00000000a5300000, 0x00000000e0000000)
  object space 84992K, 13% used [0x00000000a0000000,0x00000000a0ad89b8,0x00000000a5300000)
 Metaspace       used 20692K, capacity 21092K, committed 21248K, reserved 1067008K
  class space    used 2905K, capacity 3032K, committed 3072K, reserved 1048576K
}
Event: 9,475 GC heap before
{Heap before GC invocations=5 (full 1):
 PSYoungGen      total 132096K, used 5088K [0x00000000e0000000, 0x00000000e8600000, 0x0000000100000000)
  eden space 126976K, 0% used [0x00000000e0000000,0x00000000e0000000,0x00000000e7c00000)
  from space 5120K, 99% used [0x00000000e8100000,0x00000000e85f8040,0x00000000e8600000)
  to   space 5120K, 0% used [0x00000000e7c00000,0x00000000e7c00000,0x00000000e8100000)
 ParOldGen       total 84992K, used 11106K [0x00000000a0000000, 0x00000000a5300000, 0x00000000e0000000)
  object space 84992K, 13% used [0x00000000a0000000,0x00000000a0ad89b8,0x00000000a5300000)
 Metaspace       used 20692K, capacity 21092K, committed 21248K, reserved 1067008K
  class space    used 2905K, capacity 3032K, committed 3072K, reserved 1048576K
Event: 9,554 GC heap after
Heap after GC invocations=5 (full 1):
 PSYoungGen      total 132096K, used 0K [0x00000000e0000000, 0x00000000e8600000, 0x0000000100000000)
  eden space 126976K, 0% used [0x00000000e0000000,0x00000000e0000000,0x00000000e7c00000)
  from space 5120K, 0% used [0x00000000e8100000,0x00000000e8100000,0x00000000e8600000)
  to   space 5120K, 0% used [0x00000000e7c00000,0x00000000e7c00000,0x00000000e8100000)
 ParOldGen       total 68096K, used 14006K [0x00000000a0000000, 0x00000000a4280000, 0x00000000e0000000)
  object space 68096K, 20% used [0x00000000a0000000,0x00000000a0dadb50,0x00000000a4280000)
 Metaspace       used 20692K, capacity 21092K, committed 21248K, reserved 1067008K
  class space    used 2905K, capacity 3032K, committed 3072K, reserved 1048576K
}
Event: 13,371 GC heap before
{Heap before GC invocations=6 (full 1):
 PSYoungGen      total 132096K, used 126976K [0x00000000e0000000, 0x00000000e8600000, 0x0000000100000000)
  eden space 126976K, 100% used [0x00000000e0000000,0x00000000e7c00000,0x00000000e7c00000)
  from space 5120K, 0% used [0x00000000e8100000,0x00000000e8100000,0x00000000e8600000)
  to   space 5120K, 0% used [0x00000000e7c00000,0x00000000e7c00000,0x00000000e8100000)
 ParOldGen       total 68096K, used 14006K [0x00000000a0000000, 0x00000000a4280000, 0x00000000e0000000)
  object space 68096K, 20% used [0x00000000a0000000,0x00000000a0dadb50,0x00000000a4280000)
 Metaspace       used 31330K, capacity 31874K, committed 32256K, reserved 1077248K
  class space    used 4328K, capacity 4502K, committed 4608K, reserved 1048576K
Event: 13,402 GC heap after
Heap after GC invocations=6 (full 1):
 PSYoungGen      total 132096K, used 5104K [0x00000000e0000000, 0x00000000edf00000, 0x0000000100000000)
  eden space 126976K, 0% used [0x00000000e0000000,0x00000000e0000000,0x00000000e7c00000)
  from space 5120K, 99% used [0x00000000e7c00000,0x00000000e80fc010,0x00000000e8100000)
  to   space 15872K, 0% used [0x00000000ecf80000,0x00000000ecf80000,0x00000000edf00000)
 ParOldGen       total 68096K, used 21136K [0x00000000a0000000, 0x00000000a4280000, 0x00000000e0000000)
  object space 68096K, 31% used [0x00000000a0000000,0x00000000a14a41c0,0x00000000a4280000)
 Metaspace       used 31330K, capacity 31874K, committed 32256K, reserved 1077248K
  class space    used 4328K, capacity 4502K, committed 4608K, reserved 1048576K
}
Event: 21,001 GC heap before
{Heap before GC invocations=7 (full 1):
 PSYoungGen      total 132096K, used 64797K [0x00000000e0000000, 0x00000000edf00000, 0x0000000100000000)
  eden space 126976K, 47% used [0x00000000e0000000,0x00000000e3a4b720,0x00000000e7c00000)
  from space 5120K, 99% used [0x00000000e7c00000,0x00000000e80fc010,0x00000000e8100000)
  to   space 15872K, 0% used [0x00000000ecf80000,0x00000000ecf80000,0x00000000edf00000)
 ParOldGen       total 68096K, used 21136K [0x00000000a0000000, 0x00000000a4280000, 0x00000000e0000000)
  object space 68096K, 31% used [0x00000000a0000000,0x00000000a14a41c0,0x00000000a4280000)
 Metaspace       used 34506K, capacity 35158K, committed 35416K, reserved 1079296K
  class space    used 4739K, capacity 4904K, committed 4992K, reserved 1048576K
Event: 21,025 GC heap after
Heap after GC invocations=7 (full 1):
 PSYoungGen      total 202752K, used 11523K [0x00000000e0000000, 0x00000000edb00000, 0x0000000100000000)
  eden space 190976K, 0% used [0x00000000e0000000,0x00000000e0000000,0x00000000eba80000)
  from space 11776K, 97% used [0x00000000ecf80000,0x00000000edac0e20,0x00000000edb00000)
  to   space 16384K, 0% used [0x00000000ebb00000,0x00000000ebb00000,0x00000000ecb00000)
 ParOldGen       total 68096K, used 21144K [0x00000000a0000000, 0x00000000a4280000, 0x00000000e0000000)
  object space 68096K, 31% used [0x00000000a0000000,0x00000000a14a61c0,0x00000000a4280000)
 Metaspace       used 34506K, capacity 35158K, committed 35416K, reserved 1079296K
  class space    used 4739K, capacity 4904K, committed 4992K, reserved 1048576K
}
Event: 21,025 GC heap before
{Heap before GC invocations=8 (full 2):
 PSYoungGen      total 202752K, used 11523K [0x00000000e0000000, 0x00000000edb00000, 0x0000000100000000)
  eden space 190976K, 0% used [0x00000000e0000000,0x00000000e0000000,0x00000000eba80000)
  from space 11776K, 97% used [0x00000000ecf80000,0x00000000edac0e20,0x00000000edb00000)
  to   space 16384K, 0% used [0x00000000ebb00000,0x00000000ebb00000,0x00000000ecb00000)
 ParOldGen       total 68096K, used 21144K [0x00000000a0000000, 0x00000000a4280000, 0x00000000e0000000)
  object space 68096K, 31% used [0x00000000a0000000,0x00000000a14a61c0,0x00000000a4280000)
 Metaspace       used 34506K, capacity 35158K, committed 35416K, reserved 1079296K
  class space    used 4739K, capacity 4904K, committed 4992K, reserved 1048576K
Event: 21,158 GC heap after
Heap after GC invocations=8 (full 2):
 PSYoungGen      total 202752K, used 0K [0x00000000e0000000, 0x00000000edb00000, 0x0000000100000000)
  eden space 190976K, 0% used [0x00000000e0000000,0x00000000e0000000,0x00000000eba80000)
  from space 11776K, 0% used [0x00000000ecf80000,0x00000000ecf80000,0x00000000edb00000)
  to   space 16384K, 0% used [0x00000000ebb00000,0x00000000ebb00000,0x00000000ecb00000)
 ParOldGen       total 99328K, used 18075K [0x00000000a0000000, 0x00000000a6100000, 0x00000000e0000000)
  object space 99328K, 18% used [0x00000000a0000000,0x00000000a11a6c70,0x00000000a6100000)
 Metaspace       used 34506K, capacity 35158K, committed 35416K, reserved 1079296K
  class space    used 4739K, capacity 4904K, committed 4992K, reserved 1048576K
}

